2026-04-05T09:27:35Z | INFO | [WRITE_REASONING] turn=0 chars=461 file=reasoning_sudoku_solver_20260405_035734.md
2026-04-05T09:27:35Z | INFO | [SESSION_START] task=sudoku-solver file=reasoning_sudoku_solver_20260405_035734.md
2026-04-05T03:57:35Z | TURN_START turn=1
2026-04-05T09:27:35Z | INFO | [TURN_START] turn=1
2026-04-05T03:58:43Z | TURN_RESPONSE chars=615
2026-04-05T09:28:43Z | INFO | [GIT_COMMIT] pensieve(sudoku-solver): progress — turn 1 [2026-04-05T03:58:43Z]
2026-04-05T09:28:48Z | INFO | [GIT_PUSH] pushed to origin
2026-04-05T09:28:48Z | INFO | [COMMIT_PUSH] pensieve(sudoku-solver): progress — turn 1 [2026-04-05T03:58:43Z]
2026-04-05T03:58:48Z | BREAK_COMMIT commits=1
2026-04-05T03:58:52Z | TURN_START turn=2
2026-04-05T09:28:52Z | INFO | [TURN_START] turn=2
2026-04-05T03:59:34Z | TURN_RESPONSE chars=613
2026-04-05T09:29:34Z | INFO | [GIT_COMMIT] pensieve(sudoku-solver): progress — turn 2 [2026-04-05T03:59:34Z]
2026-04-05T09:29:38Z | INFO | [GIT_PUSH] pushed to origin
2026-04-05T09:29:38Z | INFO | [COMMIT_PUSH] pensieve(sudoku-solver): progress — turn 2 [2026-04-05T03:59:34Z]
2026-04-05T03:59:38Z | BREAK_COMMIT commits=2
2026-04-05T03:59:42Z | TURN_START turn=3
2026-04-05T09:29:42Z | INFO | [TURN_START] turn=3
2026-04-05T04:00:40Z | TURN_RESPONSE chars=0
2026-04-05T04:00:42Z | TURN_START turn=4
2026-04-05T09:30:42Z | INFO | [TURN_START] turn=4
2026-04-05T04:01:37Z | TURN_RESPONSE chars=615
